mode: set
event/delivery/controller/comment/comment.go:23.104,28.2 1 1
event/delivery/controller/comment/comment.go:30.60,31.36 1 1
event/delivery/controller/comment/comment.go:31.36,33.41 2 1
event/delivery/controller/comment/comment.go:38.3,38.50 1 1
event/delivery/controller/comment/comment.go:42.3,49.23 4 1
event/delivery/controller/comment/comment.go:53.3,53.63 1 1
event/delivery/controller/comment/comment.go:33.41,36.4 2 1
event/delivery/controller/comment/comment.go:38.50,41.4 2 1
event/delivery/controller/comment/comment.go:49.23,52.4 2 1
event/delivery/controller/comment/comment.go:57.60,58.36 1 1
event/delivery/controller/comment/comment.go:58.36,61.17 2 1
event/delivery/controller/comment/comment.go:65.3,65.60 1 1
event/delivery/controller/comment/comment.go:61.17,64.4 2 1
event/delivery/controller/comment/comment.go:69.59,70.36 1 1
event/delivery/controller/comment/comment.go:70.36,74.17 3 1
event/delivery/controller/comment/comment.go:78.3,79.17 2 1
event/delivery/controller/comment/comment.go:83.3,83.59 1 1
event/delivery/controller/comment/comment.go:74.17,77.4 2 1
event/delivery/controller/comment/comment.go:79.17,82.4 2 1
event/delivery/controller/comment/comment.go:87.60,88.36 1 1
event/delivery/controller/comment/comment.go:88.36,91.17 3 1
event/delivery/controller/comment/comment.go:95.3,96.41 2 1
event/delivery/controller/comment/comment.go:100.3,107.25 4 1
event/delivery/controller/comment/comment.go:111.3,111.58 1 1
event/delivery/controller/comment/comment.go:91.17,94.4 2 1
event/delivery/controller/comment/comment.go:96.41,98.4 1 1
event/delivery/controller/comment/comment.go:107.25,110.4 2 1
event/delivery/controller/comment/comment.go:114.60,115.36 1 1
event/delivery/controller/comment/comment.go:115.36,119.17 3 1
event/delivery/controller/comment/comment.go:124.3,127.23 3 1
event/delivery/controller/comment/comment.go:130.3,130.52 1 1
event/delivery/controller/comment/comment.go:119.17,123.4 2 1
event/delivery/controller/comment/comment.go:127.23,129.4 1 1
