mode: set
event/delivery/controller/eventt/event.go:23.97,28.2 1 1
event/delivery/controller/eventt/event.go:30.55,31.36 1 1
event/delivery/controller/eventt/event.go:31.36,33.41 2 1
event/delivery/controller/eventt/event.go:38.3,38.49 1 1
event/delivery/controller/eventt/event.go:42.3,58.23 4 1
event/delivery/controller/eventt/event.go:62.3,62.62 1 1
event/delivery/controller/eventt/event.go:33.41,36.4 2 1
event/delivery/controller/eventt/event.go:38.49,41.4 2 1
event/delivery/controller/eventt/event.go:58.23,61.4 2 1
event/delivery/controller/eventt/event.go:66.55,67.36 1 1
event/delivery/controller/eventt/event.go:67.36,70.17 2 1
event/delivery/controller/eventt/event.go:74.3,74.59 1 1
event/delivery/controller/eventt/event.go:70.17,73.4 2 1
event/delivery/controller/eventt/event.go:78.54,79.36 1 1
event/delivery/controller/eventt/event.go:79.36,83.17 3 1
event/delivery/controller/eventt/event.go:87.3,88.17 2 1
event/delivery/controller/eventt/event.go:92.3,92.58 1 1
event/delivery/controller/eventt/event.go:83.17,86.4 2 1
event/delivery/controller/eventt/event.go:88.17,91.4 2 1
event/delivery/controller/eventt/event.go:96.55,97.36 1 1
event/delivery/controller/eventt/event.go:97.36,100.17 3 1
event/delivery/controller/eventt/event.go:104.3,105.41 2 1
event/delivery/controller/eventt/event.go:109.3,126.25 4 1
event/delivery/controller/eventt/event.go:130.3,130.57 1 1
event/delivery/controller/eventt/event.go:100.17,103.4 2 1
event/delivery/controller/eventt/event.go:105.41,107.4 1 1
event/delivery/controller/eventt/event.go:126.25,129.4 2 1
event/delivery/controller/eventt/event.go:133.55,134.36 1 1
event/delivery/controller/eventt/event.go:134.36,138.17 3 1
event/delivery/controller/eventt/event.go:143.3,146.23 3 1
event/delivery/controller/eventt/event.go:149.3,149.52 1 1
event/delivery/controller/eventt/event.go:138.17,142.4 2 1
event/delivery/controller/eventt/event.go:146.23,148.4 1 1
